[1/3] Enumerating fragments (limit=200, strategy=random)...
Wrote 7 fragment(s) to /tmp/lemma_fragments_GBAnPu.json
[1/3] Got 7 fragment(s).
[2/3] Running support minimization...
[info] welcome to sbt 1.10.1 (JetBrains s.r.o. Java 21.0.6)
[info] loading project definition from /nas/lemma-disc/scala-core/project
[info] loading settings for project scala-core from build.sbt ...
[info] set current project to scala-core (in build file:/nas/lemma-disc/scala-core/)
[info] running Serializer /tmp/lemma_fragments_GBAnPu.json /tmp/lemma_out_ma0Qbf.json
[success] Total time: 1 s, completed Jun 4, 2026, 12:18:39 AM
[3/3] Deduplicating lemmas...
Deduplicated: 7 → 7 lemmas (0 dropped)
[3/3] Lemmas    written to /nas/lemma-disc/data/lemma_counts/prop_56_lemmas.json
[3/3] Fragments written to /nas/lemma-disc/data/lemma_counts/prop_56_lemmas.fragments.json
--- 7 lemma statement(s) ---
[0] prop_56: (n : ℕ) : drop n (drop (m + 1) []) = drop (n + (m + 1)) []
[1] prop_56: (ih : ∀ (xs : List α), drop n (drop m xs) = drop (n + m) xs) (xs : List α) : drop n (drop (m + 0).succ (x :: xs)) = drop (n + m).succ (x :: xs)
[2] prop_56: (ih : ∀ (xs : List α), drop n (drop m xs) = drop (n + m) xs) (xs : List α) : drop n (drop (m + 1) (x :: xs)) = drop (n + (m + 1)) (x :: xs)
[3] prop_56: (n : ℕ) : drop n [] = []
[4] prop_56: (h1 : drop n (drop m xs) = drop (n + m) xs) : drop n (drop (m + 1) (x :: xs)) = drop (n + (m + 1)) (x :: xs)
[5] prop_56: (n : ℕ) (ih : ∀ (xs : List α), drop n (drop m xs) = drop (n + m) xs) (xs : List α) : drop n (drop (m + 1) xs) = drop (n + (m + 1)) xs
[6] prop_56: (n : ℕ) (m : ℕ) (xs : List α) : drop n (drop m xs) = drop (n + m) xs
