[1/3] Enumerating fragments (limit=200, strategy=random)...
Wrote 9 fragment(s) to /tmp/lemma_fragments_wnXCpk.json
[1/3] Got 9 fragment(s).
[2/3] Running support minimization...
[info] welcome to sbt 1.10.1 (JetBrains s.r.o. Java 21.0.6)
[info] loading project definition from /nas/lemma-disc/scala-core/project
[info] loading settings for project scala-core from build.sbt ...
[info] set current project to scala-core (in build file:/nas/lemma-disc/scala-core/)
[info] running Serializer /tmp/lemma_fragments_wnXCpk.json /tmp/lemma_out_92XjSQ.json
[success] Total time: 1 s, completed Jun 4, 2026, 12:18:33 AM
[3/3] Deduplicating lemmas...
Deduplicated: 9 → 9 lemmas (0 dropped)
[3/3] Lemmas    written to /nas/lemma-disc/data/lemma_counts/prop_55_lemmas.json
[3/3] Fragments written to /nas/lemma-disc/data/lemma_counts/prop_55_lemmas.fragments.json
--- 9 lemma statement(s) ---
[0] prop_55: (ys : List α) (x : α) (xs : List α) (ih : ∀ (n : ℕ), drop n (xs ++ ys) = drop n xs ++ drop (n - length xs) ys) (n : ℕ) : drop n (xs ++ ys) = drop n xs ++ drop (n + 1 - (1 + length xs)) ys
[1] prop_55: (ys : List α) (x : α) (xs : List α) (ih : ∀ (n : ℕ), drop n (xs ++ ys) = drop n xs ++ drop (n - length xs) ys) (n : ℕ) : drop n xs ++ drop (n - length xs) ys = drop n xs ++ drop (n + 1 - (1 + length xs)) ys
[2] prop_55: (n : ℕ) : drop n [] = []
[3] prop_55: (ys : List α) (x : α) (xs : List α) (ih : ∀ (n : ℕ), drop n (xs ++ ys) = drop n xs ++ drop (n - length xs) ys) (n : ℕ) (key : n - length xs = n + 1 - (1 + length xs)) (h1 : drop n xs ++ drop (n - length xs) ys = drop n xs ++ drop (n + 1 - (1 + length xs)) ys) : drop (n + 1) (x :: xs ++ ys) = drop (n + 1) (x :: xs) ++ drop (n + 1 - length (x :: xs)) ys
[4] prop_55: (ih : ∀ (n : ℕ), drop n (xs ++ ys) = drop n xs ++ drop (n - length xs) ys) (n : ℕ) (h1 : drop n xs ++ drop (n - length xs) ys = drop n xs ++ drop (n + 1 - (1 + length xs)) ys) : drop (n + 1) (x :: xs ++ ys) = drop (n + 1) (x :: xs) ++ drop (n + 1 - length (x :: xs)) ys
[5] prop_55: (n : ℕ) : drop n ([] ++ ys) = drop n [] ++ drop (n - length []) ys
[6] prop_55: (ys : List α) (x : α) (xs : List α) (ih : ∀ (n : ℕ), drop n (xs ++ ys) = drop n xs ++ drop (n - length xs) ys) (n : ℕ) (key : n - length xs = n + 1 - (1 + length xs)) (h1 : drop n xs ++ drop (n - length xs) ys = drop n xs ++ drop (n + 1 - (1 + length xs)) ys) : drop n (xs ++ ys) = drop n xs ++ drop (n + 1 - (1 + length xs)) ys
[7] prop_55: (ys : List α) (x : α) (xs : List α) (ih : ∀ (n : ℕ), drop n (xs ++ ys) = drop n xs ++ drop (n - length xs) ys) (n : ℕ) : drop (n + 1) (x :: xs ++ ys) = drop (n + 1) (x :: xs) ++ drop (n + 1 - length (x :: xs)) ys
[8] prop_55: (ys : List α) (x : α) (xs : List α) (ih : ∀ (n : ℕ), drop n (xs ++ ys) = drop n xs ++ drop (n - length xs) ys) (n : ℕ) : drop n (x :: xs ++ ys) = drop n (x :: xs) ++ drop (n - length (x :: xs)) ys
