[1/3] Enumerating fragments (limit=200, strategy=random)...
Wrote 13 fragment(s) to /tmp/lemma_fragments_irx81q.json
[1/3] Got 13 fragment(s).
[2/3] Running support minimization...
[info] welcome to sbt 1.10.1 (JetBrains s.r.o. Java 21.0.6)
[info] loading project definition from /nas/lemma-disc/scala-core/project
[info] loading settings for project scala-core from build.sbt ...
[info] set current project to scala-core (in build file:/nas/lemma-disc/scala-core/)
[info] running Serializer /tmp/lemma_fragments_irx81q.json /tmp/lemma_out_39HcM2.json
[success] Total time: 2 s, completed Jun 4, 2026, 12:19:10 AM
[3/3] Deduplicating lemmas...
Deduplicated: 13 → 13 lemmas (0 dropped)
[3/3] Lemmas    written to /nas/lemma-disc/data/lemma_counts/prop_85_lemmas.json
[3/3] Fragments written to /nas/lemma-disc/data/lemma_counts/prop_85_lemmas.fragments.json
--- 13 lemma statement(s) ---
[0] prop_85: (x : α) (xs : List α) (ih : ∀ (ys : List β), length xs = length ys → zip' (reverse xs) (reverse ys) = reverse (zip' xs ys)) (y : β) (ys : List β) (h : length (x :: xs) = length (y :: ys)) : length xs = length ys
[1] prop_85: (ih : ∀ (ys : List β), length xs = length ys → zip' (reverse xs) (reverse ys) = reverse (zip' xs ys)) (ys : List β) (h' : length xs = length ys) (hL : length (reverse xs) = length (reverse ys)) : zip' (reverse (x :: xs)) (reverse (y :: ys)) = reverse (zip' (x :: xs) (y :: ys))
[2] prop_85: (xs : List α) (ys : List β) (h' : length xs = length ys) (hL : length (reverse xs) = length (reverse ys)) (h1 : zip' (reverse xs ++ [x]) (reverse ys ++ [y]) = reverse (zip' xs ys) ++ [(x, y)]) : zip' (reverse (x :: xs)) (reverse (y :: ys)) = reverse (zip' (x :: xs) (y :: ys))
[3] prop_85: (head✝ : β) (tail✝ : List β) (h : length [] = length (head✝ :: tail✝)) : zip' (reverse []) (reverse (head✝ :: tail✝)) = reverse (zip' [] (head✝ :: tail✝))
[4] prop_85: (x : α) (xs : List α) (ih : ∀ (ys : List β), length xs = length ys → zip' (reverse xs) (reverse ys) = reverse (zip' xs ys)) (y : β) (ys : List β) (h : length (x :: xs) = length (y :: ys)) : zip' (reverse (x :: xs)) (reverse (y :: ys)) = reverse (zip' (x :: xs) (y :: ys))
[5] prop_85: (ys : List β) (h : length [] = length ys) : zip' (reverse []) (reverse ys) = reverse (zip' [] ys)
[6] prop_85: (x : α) (xs : List α) (ih : ∀ (ys : List β), length xs = length ys → zip' (reverse xs) (reverse ys) = reverse (zip' xs ys)) (h : length (x :: xs) = length []) : zip' (reverse (x :: xs)) (reverse []) = reverse (zip' (x :: xs) [])
[7] prop_85: (xs : List α) (ih : ∀ (ys : List β), length xs = length ys → zip' (reverse xs) (reverse ys) = reverse (zip' xs ys)) (ys : List β) (h' : length xs = length ys) : zip' (reverse (x :: xs)) (reverse (y :: ys)) = reverse (zip' (x :: xs) (y :: ys))
[8] prop_85: (x : α) (xs : List α) (ih : ∀ (ys : List β), length xs = length ys → zip' (reverse xs) (reverse ys) = reverse (zip' xs ys)) (ys : List β) (h : length (x :: xs) = length ys) : zip' (reverse (x :: xs)) (reverse ys) = reverse (zip' (x :: xs) ys)
[9] prop_85: (ys : List β) : length [] = length ys → zip' (reverse []) (reverse ys) = reverse (zip' [] ys)
[10] prop_85: (x : α) (xs : List α) (ih : ∀ (ys : List β), length xs = length ys → zip' (reverse xs) (reverse ys) = reverse (zip' xs ys)) (y : β) (ys : List β) (h : length (x :: xs) = length (y :: ys)) (h' : length xs = length ys) (hL : length (reverse xs) = length (reverse ys)) (h1 : zip' (reverse (x :: xs)) (reverse (y :: ys)) = reverse (zip' (x :: xs) (y :: ys))) : zip' (reverse (x :: xs)) (reverse (y :: ys)) = reverse (zip' (x :: xs) (y :: ys))
[11] prop_85: (x : α) (xs : List α) (ih : ∀ (ys : List β), length xs = length ys → zip' (reverse xs) (reverse ys) = reverse (zip' xs ys)) (y : β) (ys : List β) (h : length (x :: xs) = length (y :: ys)) (h' : length xs = length ys) (hL : length (reverse xs) = length (reverse ys)) (h1 : zip' (reverse xs ++ [x]) (reverse ys ++ [y]) = reverse (zip' xs ys) ++ [(x, y)]) : zip' (reverse (x :: xs)) (reverse (y :: ys)) = reverse (zip' (x :: xs) (y :: ys))
[12] prop_85: (x : α) (xs : List α) (ih : ∀ (ys : List β), length xs = length ys → zip' (reverse xs) (reverse ys) = reverse (zip' xs ys)) (ys : List β) : length (x :: xs) = length ys → zip' (reverse (x :: xs)) (reverse ys) = reverse (zip' (x :: xs) ys)
