[1/3] Enumerating fragments (limit=200, strategy=random)...
Wrote 10 fragment(s) to /tmp/lemma_fragments_dlm859.json
[1/3] Got 10 fragment(s).
[2/3] Running support minimization...
[info] welcome to sbt 1.10.1 (JetBrains s.r.o. Java 21.0.6)
[info] loading project definition from /nas/lemma-disc/scala-core/project
[info] loading settings for project scala-core from build.sbt ...
[info] set current project to scala-core (in build file:/nas/lemma-disc/scala-core/)
[info] running Serializer /tmp/lemma_fragments_dlm859.json /tmp/lemma_out_g93bln.json
[success] Total time: 2 s, completed Jun 4, 2026, 12:18:46 AM
[3/3] Deduplicating lemmas...
Deduplicated: 10 → 10 lemmas (0 dropped)
[3/3] Lemmas    written to /nas/lemma-disc/data/lemma_counts/prop_57_lemmas.json
[3/3] Fragments written to /nas/lemma-disc/data/lemma_counts/prop_57_lemmas.fragments.json
--- 10 lemma statement(s) ---
[0] prop_57: (ih : ∀ (n m : ℕ), drop n (take m xs) = take (m - n) (drop n xs)) (n : ℕ) (m : ℕ) : drop (n + 1) (take (m + 1) (x :: xs)) = take (m + 1 - (n + 1)) (drop (n + 1) (x :: xs))
[1] prop_57: ∀ (k : ℕ), take k [] = []
[2] prop_57: (take_nil : ∀ (k : ℕ), take k [] = []) (drop_nil : ∀ (k : ℕ), drop k [] = []) (h1 : drop n (take m []) = take (m - n) (drop n [])) : drop n (take m []) = take (m - n) (drop n [])
[3] prop_57: (k : ℕ) : take k [] = []
[4] prop_57: (ih : ∀ (n m : ℕ), drop n (take m xs) = take (m - n) (drop n xs)) (m : ℕ) (n : ℕ) : drop (n + 1) (take m (x :: xs)) = take (m - (n + 1)) (drop (n + 1) (x :: xs))
[5] prop_57: drop n (take m []) = take (m - n) (drop n [])
[6] prop_57: (k : ℕ) : drop k [] = []
[7] prop_57: (take_nil : ∀ (k : ℕ), take k [] = []) : drop n (take m []) = take (m - n) (drop n [])
[8] prop_57: (ih : ∀ (n m : ℕ), drop n (take m xs) = take (m - n) (drop n xs)) (n : ℕ) (m : ℕ) : drop n (take m (x :: xs)) = take (m - n) (drop n (x :: xs))
[9] prop_57: ∀ (k : ℕ), drop k [] = []
