[1/3] Enumerating fragments (limit=200, strategy=random)...
Wrote 19 fragment(s) to /tmp/lemma_fragments_sLoIAM.json
[1/3] Got 19 fragment(s).
[2/3] Running support minimization...
[info] welcome to sbt 1.10.1 (JetBrains s.r.o. Java 21.0.6)
[info] loading project definition from /nas/lemma-disc/scala-core/project
[info] loading settings for project scala-core from build.sbt ...
[info] set current project to scala-core (in build file:/nas/lemma-disc/scala-core/)
[info] running Serializer /tmp/lemma_fragments_sLoIAM.json /tmp/lemma_out_urk8j5.json
[success] Total time: 1 s, completed Jun 4, 2026, 12:19:04 AM
[3/3] Deduplicating lemmas...
Deduplicated: 19 → 18 lemmas (1 dropped)
[3/3] Lemmas    written to /nas/lemma-disc/data/lemma_counts/prop_78_lemmas.json
[3/3] Fragments written to /nas/lemma-disc/data/lemma_counts/prop_78_lemmas.fragments.json
--- 18 lemma statement(s) ---
[0] prop_78: (hyz : y ≤ z) (hins : insort x (z :: zs) = z :: insort x zs) (h1 : sorted (z :: insort x zs) = true) : sorted (y :: insort x (z :: zs)) = true
[1] prop_78: (xs : List ℕ) (ih : sorted (sort xs) = true) (sorted_xs : List ℕ) (hsort : sort xs = sorted_xs) (h1 : sorted (insort x sorted_xs) = true) : sorted (sort (x :: xs)) = true
[2] prop_78: (x : ℕ) (y : ℕ) (hle : ¬x ≤ y) (hyx : y ≤ x) (h1 : sorted (y :: insort x ys) = true) : sorted (insort x (y :: ys)) = true
[3] prop_78: (x : ℕ) (z : ℕ) (zs : List ℕ) (hyz : y ≤ z) (hxz : ¬x ≤ z) (hins : insort x (z :: zs) = z :: insort x zs) (h1 : sorted (insort x (z :: zs)) = true) : sorted (y :: insort x (z :: zs)) = true
[4] prop_78: (ih' : sorted (z :: zs) = true → sorted (insort x (z :: zs)) = true) (hzs : sorted (z :: zs) = true) (hins : insort x (z :: zs) = z :: insort x zs) : sorted (z :: insort x zs) = true
[5] prop_78: (x : ℕ) (y : ℕ) (hyx : y ≤ x) (z : ℕ) (zs : List ℕ) (ih' : sorted (z :: zs) = true → sorted (insort x (z :: zs)) = true) (ih : y ≤ z ∧ sorted (z :: zs) = true) : sorted (y :: insort x (z :: zs)) = true
[6] prop_78: (x : ℕ) (z : ℕ) (zs : List ℕ) (hxz : ¬x ≤ z) (hins : insort x (z :: zs) = z :: insort x zs) (h1 : sorted (y :: z :: insort x zs) = true) : sorted (y :: insort x (z :: zs)) = true
[7] prop_78: (hyz : y ≤ z) (hins : insort x (z :: zs) = z :: insort x zs) (h1 : sorted (insort x (z :: zs)) = true) : sorted (y :: z :: insort x zs) = true
[8] prop_78: (y : ℕ) (z : ℕ) (zs : List ℕ) (ih : sorted (y :: z :: zs) = true) (hyz : y ≤ z) (hzs : sorted (z :: zs) = true) (h1 : sorted (y :: insort x (z :: zs)) = true) : sorted (y :: insort x (z :: zs)) = true
[9] prop_78: (x : ℕ) (hyx : y ≤ x) (z : ℕ) (zs : List ℕ) (hzs : sorted (z :: zs) = true) (hxz : x ≤ z) : sorted (y :: insort x (z :: zs)) = true
[10] prop_78: (xs : List ℕ) (ih : sorted (sort xs) = true) (sorted_xs : List ℕ) (hsort : sort xs = sorted_xs) (h1 : sorted (insort x sorted_xs) = true) : sorted (insort x (sort xs)) = true
[11] prop_78: (hyz : y ≤ z) (hins : insort x (z :: zs) = z :: insort x zs) (h1 : sorted (insort x (z :: zs)) = true) : sorted (y :: insort x (z :: zs)) = true
[12] prop_78: (ih' : sorted (z :: zs) = true → sorted (insort x (z :: zs)) = true) (hyz : y ≤ z) (hzs : sorted (z :: zs) = true) (hins : insort x (z :: zs) = z :: insort x zs) : sorted (y :: insort x (z :: zs)) = true
[13] prop_78: (x : ℕ) (z : ℕ) (zs : List ℕ) (hyz : y ≤ z) (hxz : ¬x ≤ z) (hins : insort x (z :: zs) = z :: insort x zs) (h1 : sorted (z :: insort x zs) = true) : sorted (y :: insort x (z :: zs)) = true
[14] prop_78: (ih' : sorted (z :: zs) = true → sorted (insort x (z :: zs)) = true) (hyz : y ≤ z) (hzs : sorted (z :: zs) = true) (hins : insort x (z :: zs) = z :: insort x zs) : sorted (y :: z :: insort x zs) = true
[15] prop_78: (x : ℕ) (z : ℕ) (zs : List ℕ) (ih' : sorted (z :: zs) = true → sorted (insort x (z :: zs)) = true) (hyz : y ≤ z) (hzs : sorted (z :: zs) = true) (hxz : ¬x ≤ z) : sorted (y :: insort x (z :: zs)) = true
[16] prop_78: (x : ℕ) (hyx : y ≤ x) (z : ℕ) (zs : List ℕ) (ih' : sorted (z :: zs) = true → sorted (insort x (z :: zs)) = true) (hyz : y ≤ z) (hzs : sorted (z :: zs) = true) : sorted (y :: insort x (z :: zs)) = true
[17] prop_78: (x : ℕ) (y : ℕ) (hyx : y ≤ x) (z : ℕ) (zs : List ℕ) (ih' : sorted (z :: zs) = true → sorted (insort x (z :: zs)) = true) (ih : sorted (y :: z :: zs) = true) : sorted (y :: insort x (z :: zs)) = true
