[1/3] Enumerating fragments (limit=200, strategy=random)...
Wrote 5 fragment(s) to /tmp/lemma_fragments_nEtZBn.json
[1/3] Got 5 fragment(s).
[2/3] Running support minimization...
[info] welcome to sbt 1.10.1 (JetBrains s.r.o. Java 21.0.6)
[info] loading project definition from /nas/lemma-disc/scala-core/project
[info] loading settings for project scala-core from build.sbt ...
[info] set current project to scala-core (in build file:/nas/lemma-disc/scala-core/)
[info] running Serializer /tmp/lemma_fragments_nEtZBn.json /tmp/lemma_out_UL8l1i.json
[success] Total time: 1 s, completed Jun 4, 2026, 12:18:52 AM
[3/3] Deduplicating lemmas...
Deduplicated: 5 → 5 lemmas (0 dropped)
[3/3] Lemmas    written to /nas/lemma-disc/data/lemma_counts/prop_58_lemmas.json
[3/3] Fragments written to /nas/lemma-disc/data/lemma_counts/prop_58_lemmas.fragments.json
--- 5 lemma statement(s) ---
[0] prop_58: (n : ℕ) (ih : ∀ (xs : List α) (ys : List β), drop n (zip' xs ys) = zip' (drop n xs) (drop n ys)) (ys : List β) (xs : List α) : drop (n + 1) (zip' (x :: xs) ys) = zip' (drop (n + 1) (x :: xs)) (drop (n + 1) ys)
[1] prop_58: (n : ℕ) (xs : List α) : drop (n + 1) (zip' (x :: xs) []) = zip' (drop (n + 1) (x :: xs)) (drop (n + 1) [])
[2] prop_58: (ih : ∀ (xs : List α) (ys : List β), drop n (zip' xs ys) = zip' (drop n xs) (drop n ys)) (xs : List α) (ys : List β) : drop (n + 1) (zip' (x :: xs) (y :: ys)) = zip' (drop (n + 1) (x :: xs)) (drop (n + 1) (y :: ys))
[3] prop_58: (n : ℕ) (ih : ∀ (xs : List α) (ys : List β), drop n (zip' xs ys) = zip' (drop n xs) (drop n ys)) (xs : List α) (ys : List β) : drop (n + 1) (zip' xs ys) = zip' (drop (n + 1) xs) (drop (n + 1) ys)
[4] prop_58: (n : ℕ) (xs : List α) (ys : List β) : drop n (zip' xs ys) = zip' (drop n xs) (drop n ys)
