[1/4] Building POG...
[info] welcome to sbt 1.10.1 (JetBrains s.r.o. Java 21.0.6)
[info] loading project definition from /nas/lemma-disc/scala-core/project
[info] loading settings for project scala-core from build.sbt ...
[info] set current project to scala-core (in build file:/nas/lemma-disc/scala-core/)
[info] running Serializer /tmp/lemma_trace_mp0hfX.json /tmp/lemma_pog_ECJLi1.json
[success] Total time: 1 s, completed Jun 4, 2026, 12:42:22 AM
[2/4] Enumerating fragments...
[info] welcome to sbt 1.10.1 (JetBrains s.r.o. Java 21.0.6)
[info] loading project definition from /nas/lemma-disc/scala-core/project
[info] loading settings for project scala-core from build.sbt ...
[info] set current project to scala-core (in build file:/nas/lemma-disc/scala-core/)
[info] running Serializer --timeout 60000 /tmp/lemma_pog_ECJLi1.json /tmp/lemma_segments_XmKG7T.json
[success] Total time: 2 s, completed Jun 4, 2026, 12:42:28 AM
[2/4] Got 4 fragment(s).
[3/4] Running support minimization...
[info] welcome to sbt 1.10.1 (JetBrains s.r.o. Java 21.0.6)
[info] loading project definition from /nas/lemma-disc/scala-core/project
[info] loading settings for project scala-core from build.sbt ...
[info] set current project to scala-core (in build file:/nas/lemma-disc/scala-core/)
[info] running Serializer /tmp/lemma_segments_XmKG7T.json /tmp/lemma_out_wdY7Lt.json
[success] Total time: 1 s, completed Jun 4, 2026, 12:42:34 AM
[4/4] Deduplicating lemmas...
Deduplicated: 4 → 3 lemmas (1 dropped)
[4/4] Lemmas    written to /nas/lemma-disc/data/lemma_counts_pog/prop_53_lemmas_pog.json
[4/4] Fragments written to /nas/lemma-disc/data/lemma_counts_pog/prop_53_lemmas_pog.fragments.json
--- 3 lemma statement(s) ---
[0] prop_53: count n xs = count n (sort xs)
[1] prop_53: (h1 : (if n = x then count n xs + 1 else count n xs) = if n = x then count n (sort xs) + 1 else count n (sort xs)) : count n (x :: xs) = count n (sort (x :: xs))
[2] prop_53: (ih : count n xs = count n (sort xs)) : count n (x :: xs) = count n (sort (x :: xs))
