[1/4] Building POG...
[info] welcome to sbt 1.10.1 (JetBrains s.r.o. Java 21.0.6)
[info] loading project definition from /nas/lemma-disc/scala-core/project
[info] loading settings for project scala-core from build.sbt ...
[info] set current project to scala-core (in build file:/nas/lemma-disc/scala-core/)
[info] running Serializer /tmp/lemma_trace_BQRwE9.json /tmp/lemma_pog_DiOH6k.json
[success] Total time: 1 s, completed Jun 4, 2026, 12:41:48 AM
[2/4] Enumerating fragments...
[info] welcome to sbt 1.10.1 (JetBrains s.r.o. Java 21.0.6)
[info] loading project definition from /nas/lemma-disc/scala-core/project
[info] loading settings for project scala-core from build.sbt ...
[info] set current project to scala-core (in build file:/nas/lemma-disc/scala-core/)
[info] running Serializer --timeout 60000 /tmp/lemma_pog_DiOH6k.json /tmp/lemma_segments_lBVULD.json
[success] Total time: 2 s, completed Jun 4, 2026, 12:41:54 AM
[2/4] Got 2 fragment(s).
[3/4] Running support minimization...
[info] welcome to sbt 1.10.1 (JetBrains s.r.o. Java 21.0.6)
[info] loading project definition from /nas/lemma-disc/scala-core/project
[info] loading settings for project scala-core from build.sbt ...
[info] set current project to scala-core (in build file:/nas/lemma-disc/scala-core/)
[info] running Serializer /tmp/lemma_segments_lBVULD.json /tmp/lemma_out_QHZAGP.json
[success] Total time: 1 s, completed Jun 4, 2026, 12:41:59 AM
[4/4] Deduplicating lemmas...
Deduplicated: 2 → 1 lemmas (1 dropped)
[4/4] Lemmas    written to /nas/lemma-disc/data/lemma_counts_pog/prop_35_lemmas_pog.json
[4/4] Fragments written to /nas/lemma-disc/data/lemma_counts_pog/prop_35_lemmas_pog.fragments.json
--- 1 lemma statement(s) ---
[0] prop_35: dropWhile (fun x => decide False) xs = xs
